<?xml version="1.0" encoding="UTF-8"?>
<!-- Generated by org.testng.reporters.JUnitReportReporter -->
<testsuite hostname="DESKTOP-SN0PPP1" failures="0" tests="3" name="test.Day4" time="0.024" errors="0" timestamp="2021-01-15T12:26:13 IST" skipped="0">
  <testcase classname="test.Day4" name="MobileLoginCarLoan" time="0.009"/>
  <system-out/>
  <testcase classname="test.Day4" name="WebLoginCarLoan" time="0.004"/>
  <system-out/>
  <testcase classname="test.Day4" name="APILoginCarLoan" time="0.011"/>
  <system-out/>
</testsuite> <!-- test.Day4 -->
