<?xml version="1.0" encoding="UTF-8"?>
<!-- Generated by org.testng.reporters.JUnitReportReporter -->
<testsuite hostname="DESKTOP-SN0PPP1" failures="0" tests="6" name="test.Day3" time="0.242" errors="0" timestamp="2021-01-15T12:26:13 IST" skipped="1">
  <testcase classname="test.Day3" name="MobilesignoutHomeLoan" time="0.004"/>
  <system-out/>
  <testcase classname="test.Day3" name="WebLoginHomeLoan" time="0.007"/>
  <system-out/>
  <testcase classname="test.Day3" name="MobileLoginHomeLoan" time="0.212"/>
  <system-out/>
  <testcase classname="test.Day3" name="MobilesignoutHomeLoan" time="0.004"/>
  <system-out/>
  <testcase classname="test.Day3" name="MobilesignoutHomeLoan" time="0.015"/>
  <system-out/>
  <testcase classname="test.Day3" name="MobilesigninHomeLoan">
    <skipped/>
  </testcase> <!-- MobilesigninHomeLoan -->
  <system-out/>
</testsuite> <!-- test.Day3 -->
