<?xml version="1.0" encoding="UTF-8"?>
<!-- Generated by org.testng.reporters.JUnitReportReporter -->
<testsuite hostname="DESKTOP-SN0PPP1" failures="0" tests="1" name="test.Day2" time="0.028" errors="0" timestamp="2021-01-15T12:26:13 IST" skipped="0">
  <testcase classname="test.Day2" name="ploan" time="0.028"/>
  <system-out/>
</testsuite> <!-- test.Day2 -->
